# JRE version: Java(TM) SE Runtime Environment (8.0_101-b13) (build 1.8.0_101-b13)
# Java VM: Java HotSpot(TM) 64-Bit Server VM (25.101-b13 mixed mode windows-amd64 compressed oops)
Heap:
 PSYoungGen      total 123392K, used 21956K [0x000000076b180000, 0x0000000777c80000, 0x00000007c0000000)
  eden space 113664K, 17% used [0x000000076b180000,0x000000076c578e18,0x0000000772080000)
  from space 9728K, 15% used [0x0000000776980000,0x0000000776af8220,0x0000000777300000)
  to   space 9728K, 0% used [0x0000000777300000,0x0000000777300000,0x0000000777c80000)
 ParOldGen       total 175104K, used 6464K [0x00000006c1400000, 0x00000006cbf00000, 0x000000076b180000)
  object space 175104K, 3% used [0x00000006c1400000,0x00000006c1a50220,0x00000006cbf00000)
 Metaspace       used 8107K, capacity 8297K, committed 8576K, reserved 1056768K
  class space    used 784K, capacity 817K, committed 896K, reserved 1048576K
GC Heap History (10 events):
Event: 7.605 GC heap before
{Heap before GC invocations=9 (full 0):
 PSYoungGen      total 137216K, used 129248K [0x000000076b180000, 0x0000000774280000, 0x00000007c0000000)
  eden space 129024K, 100% used [0x000000076b180000,0x0000000772f80000,0x0000000772f80000)
  from space 8192K, 2% used [0x0000000773880000,0x00000007738b8000,0x0000000774080000)
  to   space 9216K, 0% used [0x0000000772f80000,0x0000000772f80000,0x0000000773880000)
 ParOldGen       total 175104K, used 6152K [0x00000006c1400000, 0x00000006cbf00000, 0x000000076b180000)
  object space 175104K, 3% used [0x00000006c1400000,0x00000006c1a02220,0x00000006cbf00000)
 Metaspace       used 7808K, capacity 8009K, committed 8320K, reserved 1056768K
  class space    used 758K, capacity 785K, committed 896K, reserved 1048576K
Event: 7.606 GC heap after
Heap after GC invocations=9 (full 0):
 PSYoungGen      total 138240K, used 256K [0x000000076b180000, 0x0000000778e80000, 0x00000007c0000000)
  eden space 129024K, 0% used [0x000000076b180000,0x000000076b180000,0x0000000772f80000)
  from space 9216K, 2% used [0x0000000772f80000,0x0000000772fc0000,0x0000000773880000)
  to   space 9728K, 0% used [0x0000000778500000,0x0000000778500000,0x0000000778e80000)
 ParOldGen       total 175104K, used 6216K [0x00000006c1400000, 0x00000006cbf00000, 0x000000076b180000)
  object space 175104K, 3% used [0x00000006c1400000,0x00000006c1a12220,0x00000006cbf00000)
 Metaspace       used 7808K, capacity 8009K, committed 8320K, reserved 1056768K
  class space    used 758K, capacity 785K, committed 896K, reserved 1048576K
}
Event: 7.876 GC heap before
{Heap before GC invocations=10 (full 0):
 PSYoungGen      total 138240K, used 129280K [0x000000076b180000, 0x0000000778e80000, 0x00000007c0000000)
  eden space 129024K, 100% used [0x000000076b180000,0x0000000772f80000,0x0000000772f80000)
  from space 9216K, 2% used [0x0000000772f80000,0x0000000772fc0000,0x0000000773880000)
  to   space 9728K, 0% used [0x0000000778500000,0x0000000778500000,0x0000000778e80000)
 ParOldGen       total 175104K, used 6216K [0x00000006c1400000, 0x00000006cbf00000, 0x000000076b180000)
  object space 175104K, 3% used [0x00000006c1400000,0x00000006c1a12220,0x00000006cbf00000)
 Metaspace       used 7809K, capacity 8009K, committed 8320K, reserved 1056768K
  class space    used 758K, capacity 785K, committed 896K, reserved 1048576K
Event: 7.876 GC heap after
Heap after GC invocations=10 (full 0):
 PSYoungGen      total 125440K, used 192K [0x000000076b180000, 0x0000000778580000, 0x00000007c0000000)
  eden space 124928K, 0% used [0x000000076b180000,0x000000076b180000,0x0000000772b80000)
  from space 512K, 37% used [0x0000000778500000,0x0000000778530000,0x0000000778580000)
  to   space 9728K, 0% used [0x0000000777280000,0x0000000777280000,0x0000000777c00000)
 ParOldGen       total 175104K, used 6264K [0x00000006c1400000, 0x00000006cbf00000, 0x000000076b180000)
  object space 175104K, 3% used [0x00000006c1400000,0x00000006c1a1e220,0x00000006cbf00000)
 Metaspace       used 7809K, capacity 8009K, committed 8320K, reserved 1056768K
  class space    used 758K, capacity 785K, committed 896K, reserved 1048576K
}
Event: 8.109 GC heap before
{Heap before GC invocations=11 (full 0):
 PSYoungGen      total 125440K, used 125120K [0x000000076b180000, 0x0000000778580000, 0x00000007c0000000)
  eden space 124928K, 100% used [0x000000076b180000,0x0000000772b80000,0x0000000772b80000)
  from space 512K, 37% used [0x0000000778500000,0x0000000778530000,0x0000000778580000)
  to   space 9728K, 0% used [0x0000000777280000,0x0000000777280000,0x0000000777c00000)
 ParOldGen       total 175104K, used 6264K [0x00000006c1400000, 0x00000006cbf00000, 0x000000076b180000)
  object space 175104K, 3% used [0x00000006c1400000,0x00000006c1a1e220,0x00000006cbf00000)
 Metaspace       used 7810K, capacity 8009K, committed 8320K, reserved 1056768K
  class space    used 758K, capacity 785K, committed 896K, reserved 1048576K
Event: 8.110 GC heap after
Heap after GC invocations=11 (full 0):
 PSYoungGen      total 130560K, used 224K [0x000000076b180000, 0x0000000778580000, 0x00000007c0000000)
  eden space 120832K, 0% used [0x000000076b180000,0x000000076b180000,0x0000000772780000)
  from space 9728K, 2% used [0x0000000777280000,0x00000007772b8000,0x0000000777c00000)
  to   space 9728K, 0% used [0x0000000777c00000,0x0000000777c00000,0x0000000778580000)
 ParOldGen       total 175104K, used 6352K [0x00000006c1400000, 0x00000006cbf00000, 0x000000076b180000)
  object space 175104K, 3% used [0x00000006c1400000,0x00000006c1a34220,0x00000006cbf00000)
 Metaspace       used 7810K, capacity 8009K, committed 8320K, reserved 1056768K
  class space    used 758K, capacity 785K, committed 896K, reserved 1048576K
}
Event: 8.333 GC heap before
{Heap before GC invocations=12 (full 0):
 PSYoungGen      total 130560K, used 121056K [0x000000076b180000, 0x0000000778580000, 0x00000007c0000000)
  eden space 120832K, 100% used [0x000000076b180000,0x0000000772780000,0x0000000772780000)
  from space 9728K, 2% used [0x0000000777280000,0x00000007772b8000,0x0000000777c00000)
  to   space 9728K, 0% used [0x0000000777c00000,0x0000000777c00000,0x0000000778580000)
 ParOldGen       total 175104K, used 6352K [0x00000006c1400000, 0x00000006cbf00000, 0x000000076b180000)
  object space 175104K, 3% used [0x00000006c1400000,0x00000006c1a34220,0x00000006cbf00000)
 Metaspace       used 7811K, capacity 8009K, committed 8320K, reserved 1056768K
  class space    used 758K, capacity 785K, committed 896K, reserved 1048576K
Event: 8.334 GC heap after
Heap after GC invocations=12 (full 0):
 PSYoungGen      total 117760K, used 192K [0x000000076b180000, 0x0000000777c80000, 0x00000007c0000000)
  eden space 117248K, 0% used [0x000000076b180000,0x000000076b180000,0x0000000772400000)
  from space 512K, 37% used [0x0000000777c00000,0x0000000777c30000,0x0000000777c80000)
  to   space 9728K, 0% used [0x0000000776980000,0x0000000776980000,0x0000000777300000)
 ParOldGen       total 175104K, used 6408K [0x00000006c1400000, 0x00000006cbf00000, 0x000000076b180000)
  object space 175104K, 3% used [0x00000006c1400000,0x00000006c1a42220,0x00000006cbf00000)
 Metaspace       used 7811K, capacity 8009K, committed 8320K, reserved 1056768K
  class space    used 758K, capacity 785K, committed 896K, reserved 1048576K
}
Event: 8.610 GC heap before
{Heap before GC invocations=13 (full 0):
 PSYoungGen      total 117760K, used 117440K [0x000000076b180000, 0x0000000777c80000, 0x00000007c0000000)
  eden space 117248K, 100% used [0x000000076b180000,0x0000000772400000,0x0000000772400000)
  from space 512K, 37% used [0x0000000777c00000,0x0000000777c30000,0x0000000777c80000)
  to   space 9728K, 0% used [0x0000000776980000,0x0000000776980000,0x0000000777300000)
 ParOldGen       total 175104K, used 6408K [0x00000006c1400000, 0x00000006cbf00000, 0x000000076b180000)
  object space 175104K, 3% used [0x00000006c1400000,0x00000006c1a42220,0x00000006cbf00000)
 Metaspace       used 8090K, capacity 8201K, committed 8320K, reserved 1056768K
  class space    used 782K, capacity 785K, committed 896K, reserved 1048576K
Event: 8.611 GC heap after
Heap after GC invocations=13 (full 0):
 PSYoungGen      total 123392K, used 1504K [0x000000076b180000, 0x0000000777c80000, 0x00000007c0000000)
  eden space 113664K, 0% used [0x000000076b180000,0x000000076b180000,0x0000000772080000)
  from space 9728K, 15% used [0x0000000776980000,0x0000000776af8220,0x0000000777300000)
  to   space 9728K, 0% used [0x0000000777300000,0x0000000777300000,0x0000000777c80000)
 ParOldGen       total 175104K, used 6464K [0x00000006c1400000, 0x00000006cbf00000, 0x000000076b180000)
  object space 175104K, 3% used [0x00000006c1400000,0x00000006c1a50220,0x00000006cbf00000)
 Metaspace       used 8090K, capacity 8201K, committed 8320K, reserved 1056768K
  class space    used 782K, capacity 785K, committed 896K, reserved 1048576K
}

